<?xml version="1.0" encoding="UTF-8"?>
<testsuite xmlns:xsi="http://www.w3.org/2001/XMLSchema-instance" xsi:noNamespaceSchemaLocation="https://maven.apache.org/surefire/maven-surefire-plugin/xsd/surefire-test-report-3.0.xsd" version="3.0" name="com.astronaut.core.ScheduleManagerTest" time="0.723" tests="1" errors="0" skipped="0" failures="0">
  <properties>
[...]
</properties>
  <testcase name="addTask_conflictDetected" classname="com.astronaut.core.ScheduleManagerTest" time="0.706">
    <system-out><![CDATA[14:52:30 INFO  com.astronaut.core.ScheduleManager - Task added: 09:00 - 10:00 | Task 1 | MEDIUM |  Pending | id=75569bd4-af1e-43da-94e5-1c0c48fe090f
14:52:30 WARN  com.astronaut.core.ScheduleManager - Conflict: 'Task 2' overlaps with 'Task 1'
14:52:30 INFO  com.astronaut.core.ScheduleManager - Task removed: 09:00 - 10:00 | Task 1 | MEDIUM |  Pending | id=75569bd4-af1e-43da-94e5-1c0c48fe090f
]]></system-out>
  </testcase>
</testsuite>